{"C:\\Avans\\Jaar3\\Periode3\\SOA3\\AvansDevOps\\src\\models\\activity.ts": {"path":"C:\\Avans\\Jaar3\\Periode3\\SOA3\\AvansDevOps\\src\\models\\activity.ts","statementMap":{"0":{"start":{"line":2,"column":0},"end":{"line":2,"column":48}},"1":{"start":{"line":10,"column":8},"end":{"line":10,"column":27}},"2":{"start":{"line":11,"column":8},"end":{"line":11,"column":36}},"3":{"start":{"line":12,"column":8},"end":{"line":12,"column":48}},"4":{"start":{"line":17,"column":8},"end":{"line":17,"column":34}},"5":{"start":{"line":4,"column":0},"end":{"line":4,"column":13}}},"fnMap":{"0":{"name":"(anonymous_0)","decl":{"start":{"line":9,"column":4},"end":{"line":9,"column":16}},"loc":{"start":{"line":9,"column":44},"end":{"line":13,"column":5}}},"1":{"name":"(anonymous_1)","decl":{"start":{"line":15,"column":11},"end":{"line":15,"column":22}},"loc":{"start":{"line":15,"column":37},"end":{"line":18,"column":5}}}},"branchMap":{},"s":{"0":2,"1":3,"2":3,"3":3,"4":8,"5":2},"f":{"0":3,"1":8},"b":{}}
,"C:\\Avans\\Jaar3\\Periode3\\SOA3\\AvansDevOps\\src\\models\\backlogItem.ts": {"path":"C:\\Avans\\Jaar3\\Periode3\\SOA3\\AvansDevOps\\src\\models\\backlogItem.ts","statementMap":{"0":{"start":{"line":2,"column":0},"end":{"line":2,"column":48}},"1":{"start":{"line":4,"column":0},"end":{"line":4,"column":48}},"2":{"start":{"line":19,"column":8},"end":{"line":19,"column":27}},"3":{"start":{"line":20,"column":8},"end":{"line":20,"column":36}},"4":{"start":{"line":21,"column":8},"end":{"line":21,"column":35}},"5":{"start":{"line":22,"column":8},"end":{"line":22,"column":48}},"6":{"start":{"line":23,"column":8},"end":{"line":23,"column":46}},"7":{"start":{"line":24,"column":8},"end":{"line":24,"column":29}},"8":{"start":{"line":29,"column":8},"end":{"line":29,"column":34}},"9":{"start":{"line":33,"column":8},"end":{"line":33,"column":39}},"10":{"start":{"line":38,"column":50},"end":{"line":38,"column":69}},"11":{"start":{"line":41,"column":8},"end":{"line":49,"column":null}},"12":{"start":{"line":42,"column":12},"end":{"line":48,"column":15}},"13":{"start":{"line":43,"column":16},"end":{"line":47,"column":null}},"14":{"start":{"line":44,"column":20},"end":{"line":44,"column":70}},"15":{"start":{"line":46,"column":20},"end":{"line":46,"column":53}},"16":{"start":{"line":51,"column":8},"end":{"line":55,"column":null}},"17":{"start":{"line":52,"column":12},"end":{"line":52,"column":25}},"18":{"start":{"line":54,"column":12},"end":{"line":54,"column":24}},"19":{"start":{"line":9,"column":0},"end":{"line":9,"column":13}}},"fnMap":{"0":{"name":"(anonymous_0)","decl":{"start":{"line":18,"column":4},"end":{"line":18,"column":16}},"loc":{"start":{"line":18,"column":84},"end":{"line":25,"column":5}}},"1":{"name":"(anonymous_1)","decl":{"start":{"line":27,"column":11},"end":{"line":27,"column":22}},"loc":{"start":{"line":27,"column":37},"end":{"line":30,"column":5}}},"2":{"name":"(anonymous_2)","decl":{"start":{"line":32,"column":11},"end":{"line":32,"column":28}},"loc":{"start":{"line":32,"column":48},"end":{"line":34,"column":5}}},"3":{"name":"(anonymous_3)","decl":{"start":{"line":36,"column":11},"end":{"line":36,"column":41}},"loc":{"start":{"line":36,"column":41},"end":{"line":56,"column":5}}},"4":{"name":"(anonymous_4)","decl":{"start":{"line":42,"column":36},"end":{"line":42,"column":44}},"loc":{"start":{"line":42,"column":47},"end":{"line":48,"column":13}}}},"branchMap":{"0":{"loc":{"start":{"line":41,"column":8},"end":{"line":49,"column":null}},"type":"if","locations":[{"start":{"line":41,"column":8},"end":{"line":49,"column":null}}]},"1":{"loc":{"start":{"line":43,"column":16},"end":{"line":47,"column":null}},"type":"if","locations":[{"start":{"line":43,"column":16},"end":{"line":47,"column":null}},{"start":{"line":45,"column":22},"end":{"line":47,"column":null}}]},"2":{"loc":{"start":{"line":51,"column":8},"end":{"line":55,"column":null}},"type":"if","locations":[{"start":{"line":51,"column":8},"end":{"line":55,"column":null}},{"start":{"line":53,"column":15},"end":{"line":55,"column":null}}]}},"s":{"0":2,"1":2,"2":17,"3":17,"4":17,"5":17,"6":17,"7":17,"8":42,"9":3,"10":3,"11":3,"12":1,"13":1,"14":0,"15":1,"16":3,"17":1,"18":2,"19":2},"f":{"0":17,"1":42,"2":3,"3":3,"4":1},"b":{"0":[1],"1":[0,1],"2":[1,2]}}
,"C:\\Avans\\Jaar3\\Periode3\\SOA3\\AvansDevOps\\src\\models\\forum.ts": {"path":"C:\\Avans\\Jaar3\\Periode3\\SOA3\\AvansDevOps\\src\\models\\forum.ts","statementMap":{"0":{"start":{"line":1,"column":0},"end":{"line":1,"column":48}},"1":{"start":{"line":12,"column":8},"end":{"line":12,"column":27}},"2":{"start":{"line":13,"column":8},"end":{"line":13,"column":43}},"3":{"start":{"line":14,"column":8},"end":{"line":14,"column":null}},"4":{"start":{"line":18,"column":8},"end":{"line":18,"column":36}},"5":{"start":{"line":22,"column":8},"end":{"line":31,"column":null}},"6":{"start":{"line":23,"column":12},"end":{"line":23,"column":80}},"7":{"start":{"line":25,"column":12},"end":{"line":25,"column":34}},"8":{"start":{"line":26,"column":12},"end":{"line":30,"column":15}},"9":{"start":{"line":27,"column":16},"end":{"line":29,"column":19}},"10":{"start":{"line":28,"column":20},"end":{"line":28,"column":34}},"11":{"start":{"line":6,"column":0},"end":{"line":6,"column":13}}},"fnMap":{"0":{"name":"(anonymous_0)","decl":{"start":{"line":11,"column":4},"end":{"line":11,"column":16}},"loc":{"start":{"line":11,"column":35},"end":{"line":15,"column":5}}},"1":{"name":"(anonymous_1)","decl":{"start":{"line":17,"column":4},"end":{"line":17,"column":17}},"loc":{"start":{"line":17,"column":29},"end":{"line":19,"column":5}}},"2":{"name":"(anonymous_2)","decl":{"start":{"line":21,"column":4},"end":{"line":21,"column":14}},"loc":{"start":{"line":21,"column":26},"end":{"line":33,"column":5}}},"3":{"name":"(anonymous_3)","decl":{"start":{"line":26,"column":37},"end":{"line":26,"column":41}},"loc":{"start":{"line":26,"column":44},"end":{"line":30,"column":13}}},"4":{"name":"(anonymous_4)","decl":{"start":{"line":27,"column":47},"end":{"line":27,"column":51}},"loc":{"start":{"line":27,"column":54},"end":{"line":29,"column":17}}}},"branchMap":{"0":{"loc":{"start":{"line":22,"column":8},"end":{"line":31,"column":null}},"type":"if","locations":[{"start":{"line":22,"column":8},"end":{"line":31,"column":null}},{"start":{"line":24,"column":15},"end":{"line":31,"column":null}}]}},"s":{"0":1,"1":3,"2":3,"3":3,"4":1,"5":2,"6":0,"7":2,"8":2,"9":1,"10":1,"11":1},"f":{"0":3,"1":1,"2":2,"3":1,"4":1},"b":{"0":[0,2]}}
,"C:\\Avans\\Jaar3\\Periode3\\SOA3\\AvansDevOps\\src\\models\\message.ts": {"path":"C:\\Avans\\Jaar3\\Periode3\\SOA3\\AvansDevOps\\src\\models\\message.ts","statementMap":{"0":{"start":{"line":9,"column":8},"end":{"line":9,"column":27}},"1":{"start":{"line":10,"column":8},"end":{"line":10,"column":31}},"2":{"start":{"line":11,"column":8},"end":{"line":11,"column":29}},"3":{"start":{"line":3,"column":0},"end":{"line":3,"column":13}}},"fnMap":{"0":{"name":"(anonymous_0)","decl":{"start":{"line":8,"column":4},"end":{"line":8,"column":16}},"loc":{"start":{"line":8,"column":63},"end":{"line":12,"column":5}}}},"branchMap":{},"s":{"0":2,"1":2,"2":2,"3":1},"f":{"0":2},"b":{}}
,"C:\\Avans\\Jaar3\\Periode3\\SOA3\\AvansDevOps\\src\\models\\project.ts": {"path":"C:\\Avans\\Jaar3\\Periode3\\SOA3\\AvansDevOps\\src\\models\\project.ts","statementMap":{"0":{"start":{"line":8,"column":8},"end":{"line":8,"column":39}},"1":{"start":{"line":9,"column":8},"end":{"line":9,"column":41}},"2":{"start":{"line":13,"column":8},"end":{"line":13,"column":29}},"3":{"start":{"line":3,"column":0},"end":{"line":3,"column":13}}},"fnMap":{"0":{"name":"(anonymous_0)","decl":{"start":{"line":7,"column":4},"end":{"line":7,"column":16}},"loc":{"start":{"line":7,"column":36},"end":{"line":10,"column":5}}},"1":{"name":"(anonymous_1)","decl":{"start":{"line":12,"column":4},"end":{"line":12,"column":13}},"loc":{"start":{"line":12,"column":24},"end":{"line":14,"column":5}}}},"branchMap":{},"s":{"0":1,"1":1,"2":1,"3":1},"f":{"0":1,"1":1},"b":{}}
,"C:\\Avans\\Jaar3\\Periode3\\SOA3\\AvansDevOps\\src\\models\\users\\developer.ts": {"path":"C:\\Avans\\Jaar3\\Periode3\\SOA3\\AvansDevOps\\src\\models\\users\\developer.ts","statementMap":{"0":{"start":{"line":1,"column":0},"end":{"line":1,"column":30}},"1":{"start":{"line":3,"column":0},"end":{"line":3,"column":13}}},"fnMap":{},"branchMap":{},"s":{"0":2,"1":2},"f":{},"b":{}}
,"C:\\Avans\\Jaar3\\Periode3\\SOA3\\AvansDevOps\\src\\models\\users\\productOwner.ts": {"path":"C:\\Avans\\Jaar3\\Periode3\\SOA3\\AvansDevOps\\src\\models\\users\\productOwner.ts","statementMap":{"0":{"start":{"line":1,"column":0},"end":{"line":1,"column":30}},"1":{"start":{"line":3,"column":0},"end":{"line":3,"column":13}}},"fnMap":{},"branchMap":{},"s":{"0":1,"1":1},"f":{},"b":{}}
,"C:\\Avans\\Jaar3\\Periode3\\SOA3\\AvansDevOps\\src\\models\\users\\scrumMaster.ts": {"path":"C:\\Avans\\Jaar3\\Periode3\\SOA3\\AvansDevOps\\src\\models\\users\\scrumMaster.ts","statementMap":{"0":{"start":{"line":1,"column":0},"end":{"line":1,"column":30}},"1":{"start":{"line":3,"column":0},"end":{"line":3,"column":13}}},"fnMap":{},"branchMap":{},"s":{"0":4,"1":4},"f":{},"b":{}}
,"C:\\Avans\\Jaar3\\Periode3\\SOA3\\AvansDevOps\\src\\models\\users\\tester.ts": {"path":"C:\\Avans\\Jaar3\\Periode3\\SOA3\\AvansDevOps\\src\\models\\users\\tester.ts","statementMap":{"0":{"start":{"line":1,"column":0},"end":{"line":1,"column":30}},"1":{"start":{"line":3,"column":0},"end":{"line":3,"column":13}}},"fnMap":{},"branchMap":{},"s":{"0":2,"1":2},"f":{},"b":{}}
,"C:\\Avans\\Jaar3\\Periode3\\SOA3\\AvansDevOps\\src\\models\\users\\user.ts": {"path":"C:\\Avans\\Jaar3\\Periode3\\SOA3\\AvansDevOps\\src\\models\\users\\user.ts","statementMap":{"0":{"start":{"line":13,"column":8},"end":{"line":13,"column":35}},"1":{"start":{"line":14,"column":8},"end":{"line":14,"column":33}},"2":{"start":{"line":15,"column":8},"end":{"line":15,"column":39}},"3":{"start":{"line":16,"column":8},"end":{"line":16,"column":39}},"4":{"start":{"line":17,"column":8},"end":{"line":17,"column":27}},"5":{"start":{"line":19,"column":8},"end":{"line":19,"column":58}},"6":{"start":{"line":23,"column":8},"end":{"line":23,"column":42}},"7":{"start":{"line":27,"column":8},"end":{"line":27,"column":52}},"8":{"start":{"line":31,"column":8},"end":{"line":31,"column":32}},"9":{"start":{"line":3,"column":0},"end":{"line":3,"column":22}}},"fnMap":{"0":{"name":"(anonymous_0)","decl":{"start":{"line":12,"column":4},"end":{"line":12,"column":23}},"loc":{"start":{"line":12,"column":116},"end":{"line":20,"column":5}}},"1":{"name":"(anonymous_1)","decl":{"start":{"line":22,"column":11},"end":{"line":22,"column":30}},"loc":{"start":{"line":22,"column":51},"end":{"line":24,"column":5}}},"2":{"name":"(anonymous_2)","decl":{"start":{"line":26,"column":11},"end":{"line":26,"column":22}},"loc":{"start":{"line":26,"column":22},"end":{"line":28,"column":5}}},"3":{"name":"(anonymous_3)","decl":{"start":{"line":30,"column":11},"end":{"line":30,"column":25}},"loc":{"start":{"line":30,"column":25},"end":{"line":32,"column":5}}}},"branchMap":{},"s":{"0":58,"1":58,"2":58,"3":58,"4":58,"5":58,"6":4,"7":0,"8":0,"9":4},"f":{"0":58,"1":4,"2":0,"3":0},"b":{}}
,"C:\\Avans\\Jaar3\\Periode3\\SOA3\\AvansDevOps\\src\\observer\\SMSNotification.ts": {"path":"C:\\Avans\\Jaar3\\Periode3\\SOA3\\AvansDevOps\\src\\observer\\SMSNotification.ts","statementMap":{"0":{"start":{"line":9,"column":8},"end":{"line":9,"column":39}},"1":{"start":{"line":10,"column":8},"end":{"line":10,"column":37}},"2":{"start":{"line":14,"column":8},"end":{"line":14,"column":50}},"3":{"start":{"line":4,"column":0},"end":{"line":4,"column":13}}},"fnMap":{"0":{"name":"(anonymous_0)","decl":{"start":{"line":8,"column":4},"end":{"line":8,"column":16}},"loc":{"start":{"line":8,"column":60},"end":{"line":11,"column":5}}},"1":{"name":"(anonymous_1)","decl":{"start":{"line":13,"column":4},"end":{"line":13,"column":10}},"loc":{"start":{"line":13,"column":10},"end":{"line":15,"column":5}}}},"branchMap":{},"s":{"0":3,"1":3,"2":2,"3":3},"f":{"0":3,"1":2},"b":{}}
,"C:\\Avans\\Jaar3\\Periode3\\SOA3\\AvansDevOps\\src\\observer\\emailNotification.ts": {"path":"C:\\Avans\\Jaar3\\Periode3\\SOA3\\AvansDevOps\\src\\observer\\emailNotification.ts","statementMap":{"0":{"start":{"line":9,"column":8},"end":{"line":9,"column":27}},"1":{"start":{"line":10,"column":8},"end":{"line":10,"column":41}},"2":{"start":{"line":14,"column":8},"end":{"line":14,"column":48}},"3":{"start":{"line":4,"column":0},"end":{"line":4,"column":13}}},"fnMap":{"0":{"name":"(anonymous_0)","decl":{"start":{"line":8,"column":4},"end":{"line":8,"column":16}},"loc":{"start":{"line":8,"column":59},"end":{"line":11,"column":5}}},"1":{"name":"(anonymous_1)","decl":{"start":{"line":13,"column":4},"end":{"line":13,"column":10}},"loc":{"start":{"line":13,"column":10},"end":{"line":15,"column":5}}}},"branchMap":{},"s":{"0":1,"1":1,"2":1,"3":1},"f":{"0":1,"1":1},"b":{}}
,"C:\\Avans\\Jaar3\\Periode3\\SOA3\\AvansDevOps\\src\\observer\\adapter\\EmailAdapter.ts": {"path":"C:\\Avans\\Jaar3\\Periode3\\SOA3\\AvansDevOps\\src\\observer\\adapter\\EmailAdapter.ts","statementMap":{"0":{"start":{"line":3,"column":8},"end":{"line":3,"column":46}},"1":{"start":{"line":1,"column":0},"end":{"line":1,"column":13}}},"fnMap":{"0":{"name":"(anonymous_0)","decl":{"start":{"line":2,"column":4},"end":{"line":2,"column":13}},"loc":{"start":{"line":2,"column":28},"end":{"line":4,"column":5}}}},"branchMap":{},"s":{"0":1,"1":1},"f":{"0":1},"b":{}}
,"C:\\Avans\\Jaar3\\Periode3\\SOA3\\AvansDevOps\\src\\observer\\adapter\\SMSAdapter.ts": {"path":"C:\\Avans\\Jaar3\\Periode3\\SOA3\\AvansDevOps\\src\\observer\\adapter\\SMSAdapter.ts","statementMap":{"0":{"start":{"line":3,"column":8},"end":{"line":3,"column":72}},"1":{"start":{"line":1,"column":0},"end":{"line":1,"column":13}}},"fnMap":{"0":{"name":"(anonymous_0)","decl":{"start":{"line":2,"column":4},"end":{"line":2,"column":11}},"loc":{"start":{"line":2,"column":32},"end":{"line":4,"column":5}}}},"branchMap":{},"s":{"0":2,"1":3},"f":{"0":2},"b":{}}
,"C:\\Avans\\Jaar3\\Periode3\\SOA3\\AvansDevOps\\src\\pipeline\\command.ts": {"path":"C:\\Avans\\Jaar3\\Periode3\\SOA3\\AvansDevOps\\src\\pipeline\\command.ts","statementMap":{"0":{"start":{"line":1,"column":0},"end":{"line":1,"column":40}},"1":{"start":{"line":7,"column":8},"end":{"line":7,"column":16}},"2":{"start":{"line":6,"column":23},"end":{"line":6,"column":43}},"3":{"start":{"line":11,"column":8},"end":{"line":11,"column":35}},"4":{"start":{"line":4,"column":0},"end":{"line":4,"column":13}}},"fnMap":{"0":{"name":"(anonymous_0)","decl":{"start":{"line":6,"column":4},"end":{"line":6,"column":23}},"loc":{"start":{"line":6,"column":43},"end":{"line":8,"column":5}}},"1":{"name":"(anonymous_1)","decl":{"start":{"line":10,"column":11},"end":{"line":10,"column":24}},"loc":{"start":{"line":10,"column":41},"end":{"line":12,"column":5}}}},"branchMap":{},"s":{"0":1,"1":1,"2":1,"3":1,"4":1},"f":{"0":1,"1":1},"b":{}}
,"C:\\Avans\\Jaar3\\Periode3\\SOA3\\AvansDevOps\\src\\pipeline\\component.ts": {"path":"C:\\Avans\\Jaar3\\Periode3\\SOA3\\AvansDevOps\\src\\pipeline\\component.ts","statementMap":{"0":{"start":{"line":3,"column":0},"end":{"line":3,"column":22}}},"fnMap":{},"branchMap":{},"s":{"0":1},"f":{},"b":{}}
,"C:\\Avans\\Jaar3\\Periode3\\SOA3\\AvansDevOps\\src\\pipeline\\compositeComponent.ts": {"path":"C:\\Avans\\Jaar3\\Periode3\\SOA3\\AvansDevOps\\src\\pipeline\\compositeComponent.ts","statementMap":{"0":{"start":{"line":1,"column":0},"end":{"line":1,"column":40}},"1":{"start":{"line":9,"column":8},"end":{"line":9,"column":16}},"2":{"start":{"line":10,"column":8},"end":{"line":10,"column":27}},"3":{"start":{"line":11,"column":8},"end":{"line":11,"column":47}},"4":{"start":{"line":15,"column":8},"end":{"line":15,"column":32}},"5":{"start":{"line":19,"column":8},"end":{"line":21,"column":11}},"6":{"start":{"line":20,"column":12},"end":{"line":20,"column":37}},"7":{"start":{"line":4,"column":0},"end":{"line":4,"column":22}}},"fnMap":{"0":{"name":"(anonymous_0)","decl":{"start":{"line":8,"column":4},"end":{"line":8,"column":16}},"loc":{"start":{"line":8,"column":30},"end":{"line":12,"column":5}}},"1":{"name":"(anonymous_1)","decl":{"start":{"line":14,"column":11},"end":{"line":14,"column":23}},"loc":{"start":{"line":14,"column":37},"end":{"line":16,"column":5}}},"2":{"name":"(anonymous_2)","decl":{"start":{"line":18,"column":11},"end":{"line":18,"column":24}},"loc":{"start":{"line":18,"column":42},"end":{"line":22,"column":5}}},"3":{"name":"(anonymous_3)","decl":{"start":{"line":19,"column":32},"end":{"line":19,"column":33}},"loc":{"start":{"line":19,"column":36},"end":{"line":21,"column":9}}}},"branchMap":{},"s":{"0":1,"1":5,"2":5,"3":5,"4":1,"5":2,"6":1,"7":1},"f":{"0":5,"1":1,"2":2,"3":1},"b":{}}
,"C:\\Avans\\Jaar3\\Periode3\\SOA3\\AvansDevOps\\src\\pipeline\\executeVisitor.ts": {"path":"C:\\Avans\\Jaar3\\Periode3\\SOA3\\AvansDevOps\\src\\pipeline\\executeVisitor.ts","statementMap":{"0":{"start":{"line":5,"column":0},"end":{"line":5,"column":50}},"1":{"start":{"line":6,"column":0},"end":{"line":6,"column":36}},"2":{"start":{"line":10,"column":4},"end":{"line":10,"column":26}},"3":{"start":{"line":12,"column":25},"end":{"line":12,"column":41}},"4":{"start":{"line":15,"column":8},"end":{"line":15,"column":60}},"5":{"start":{"line":16,"column":8},"end":{"line":16,"column":31}},"6":{"start":{"line":17,"column":8},"end":{"line":27,"column":null}},"7":{"start":{"line":18,"column":12},"end":{"line":20,"column":15}},"8":{"start":{"line":19,"column":16},"end":{"line":19,"column":41}},"9":{"start":{"line":21,"column":12},"end":{"line":21,"column":63}},"10":{"start":{"line":22,"column":12},"end":{"line":22,"column":40}},"11":{"start":{"line":23,"column":12},"end":{"line":23,"column":36}},"12":{"start":{"line":25,"column":12},"end":{"line":25,"column":60}},"13":{"start":{"line":26,"column":12},"end":{"line":26,"column":51}},"14":{"start":{"line":31,"column":8},"end":{"line":31,"column":33}},"15":{"start":{"line":32,"column":8},"end":{"line":34,"column":11}},"16":{"start":{"line":33,"column":12},"end":{"line":33,"column":37}},"17":{"start":{"line":38,"column":8},"end":{"line":38,"column":33}},"18":{"start":{"line":42,"column":8},"end":{"line":42,"column":33}},"19":{"start":{"line":8,"column":0},"end":{"line":8,"column":13}}},"fnMap":{"0":{"name":"(anonymous_0)","decl":{"start":{"line":8,"column":0},"end":{"line":8,"column":13}},"loc":{"start":{"line":8,"column":0},"end":{"line":45,"column":1}}},"1":{"name":"(anonymous_1)","decl":{"start":{"line":12,"column":4},"end":{"line":12,"column":21}},"loc":{"start":{"line":12,"column":21},"end":{"line":12,"column":41}}},"2":{"name":"(anonymous_2)","decl":{"start":{"line":14,"column":11},"end":{"line":14,"column":24}},"loc":{"start":{"line":14,"column":43},"end":{"line":28,"column":5}}},"3":{"name":"(anonymous_3)","decl":{"start":{"line":18,"column":34},"end":{"line":18,"column":38}},"loc":{"start":{"line":18,"column":41},"end":{"line":20,"column":13}}},"4":{"name":"(anonymous_4)","decl":{"start":{"line":30,"column":11},"end":{"line":30,"column":26}},"loc":{"start":{"line":30,"column":56},"end":{"line":35,"column":5}}},"5":{"name":"(anonymous_5)","decl":{"start":{"line":32,"column":37},"end":{"line":32,"column":41}},"loc":{"start":{"line":32,"column":44},"end":{"line":34,"column":9}}},"6":{"name":"(anonymous_6)","decl":{"start":{"line":37,"column":11},"end":{"line":37,"column":23}},"loc":{"start":{"line":37,"column":40},"end":{"line":39,"column":5}}},"7":{"name":"(anonymous_7)","decl":{"start":{"line":41,"column":11},"end":{"line":41,"column":22}},"loc":{"start":{"line":41,"column":37},"end":{"line":43,"column":5}}}},"branchMap":{},"s":{"0":4,"1":4,"2":2,"3":3,"4":2,"5":2,"6":2,"7":2,"8":2,"9":2,"10":2,"11":2,"12":0,"13":0,"14":0,"15":0,"16":0,"17":1,"18":2,"19":4},"f":{"0":2,"1":3,"2":2,"3":2,"4":0,"5":0,"6":1,"7":2},"b":{}}
,"C:\\Avans\\Jaar3\\Periode3\\SOA3\\AvansDevOps\\src\\pipeline\\folder.ts": {"path":"C:\\Avans\\Jaar3\\Periode3\\SOA3\\AvansDevOps\\src\\pipeline\\folder.ts","statementMap":{"0":{"start":{"line":1,"column":0},"end":{"line":1,"column":58}},"1":{"start":{"line":7,"column":8},"end":{"line":7,"column":21}},"2":{"start":{"line":11,"column":8},"end":{"line":11,"column":34}},"3":{"start":{"line":12,"column":8},"end":{"line":12,"column":37}},"4":{"start":{"line":4,"column":0},"end":{"line":4,"column":13}}},"fnMap":{"0":{"name":"(anonymous_0)","decl":{"start":{"line":6,"column":4},"end":{"line":6,"column":16}},"loc":{"start":{"line":6,"column":30},"end":{"line":8,"column":5}}},"1":{"name":"(anonymous_1)","decl":{"start":{"line":10,"column":11},"end":{"line":10,"column":24}},"loc":{"start":{"line":10,"column":41},"end":{"line":13,"column":5}}}},"branchMap":{},"s":{"0":1,"1":5,"2":2,"3":2,"4":1},"f":{"0":5,"1":2},"b":{}}
,"C:\\Avans\\Jaar3\\Periode3\\SOA3\\AvansDevOps\\src\\pipeline\\pipeline.ts": {"path":"C:\\Avans\\Jaar3\\Periode3\\SOA3\\AvansDevOps\\src\\pipeline\\pipeline.ts","statementMap":{"0":{"start":{"line":2,"column":0},"end":{"line":2,"column":60}},"1":{"start":{"line":5,"column":0},"end":{"line":5,"column":50}},"2":{"start":{"line":10,"column":4},"end":{"line":10,"column":null}},"3":{"start":{"line":14,"column":8},"end":{"line":14,"column":25}},"4":{"start":{"line":15,"column":8},"end":{"line":15,"column":50}},"5":{"start":{"line":19,"column":8},"end":{"line":19,"column":28}},"6":{"start":{"line":23,"column":8},"end":{"line":23,"column":36}},"7":{"start":{"line":27,"column":8},"end":{"line":33,"column":null}},"8":{"start":{"line":28,"column":12},"end":{"line":32,"column":null}},"9":{"start":{"line":29,"column":16},"end":{"line":31,"column":19}},"10":{"start":{"line":30,"column":20},"end":{"line":30,"column":34}},"11":{"start":{"line":37,"column":8},"end":{"line":39,"column":null}},"12":{"start":{"line":38,"column":12},"end":{"line":38,"column":40}},"13":{"start":{"line":43,"column":8},"end":{"line":45,"column":null}},"14":{"start":{"line":44,"column":12},"end":{"line":44,"column":48}},"15":{"start":{"line":49,"column":8},"end":{"line":62,"column":null}},"16":{"start":{"line":50,"column":12},"end":{"line":61,"column":null}},"17":{"start":{"line":51,"column":16},"end":{"line":53,"column":19}},"18":{"start":{"line":52,"column":20},"end":{"line":52,"column":34}},"19":{"start":{"line":54,"column":16},"end":{"line":60,"column":19}},"20":{"start":{"line":55,"column":20},"end":{"line":59,"column":null}},"21":{"start":{"line":56,"column":24},"end":{"line":58,"column":27}},"22":{"start":{"line":57,"column":28},"end":{"line":57,"column":42}},"23":{"start":{"line":7,"column":0},"end":{"line":7,"column":13}}},"fnMap":{"0":{"name":"(anonymous_0)","decl":{"start":{"line":13,"column":4},"end":{"line":13,"column":16}},"loc":{"start":{"line":13,"column":29},"end":{"line":16,"column":5}}},"1":{"name":"(anonymous_1)","decl":{"start":{"line":18,"column":4},"end":{"line":18,"column":10}},"loc":{"start":{"line":18,"column":35},"end":{"line":20,"column":5}}},"2":{"name":"(anonymous_2)","decl":{"start":{"line":22,"column":4},"end":{"line":22,"column":10}},"loc":{"start":{"line":22,"column":28},"end":{"line":24,"column":5}}},"3":{"name":"(anonymous_3)","decl":{"start":{"line":26,"column":4},"end":{"line":26,"column":31}},"loc":{"start":{"line":26,"column":31},"end":{"line":34,"column":5}}},"4":{"name":"(anonymous_4)","decl":{"start":{"line":29,"column":66},"end":{"line":29,"column":70}},"loc":{"start":{"line":29,"column":73},"end":{"line":31,"column":17}}},"5":{"name":"(anonymous_5)","decl":{"start":{"line":36,"column":4},"end":{"line":36,"column":16}},"loc":{"start":{"line":36,"column":16},"end":{"line":40,"column":5}}},"6":{"name":"(anonymous_6)","decl":{"start":{"line":42,"column":4},"end":{"line":42,"column":15}},"loc":{"start":{"line":42,"column":15},"end":{"line":46,"column":5}}},"7":{"name":"(anonymous_7)","decl":{"start":{"line":48,"column":4},"end":{"line":48,"column":20}},"loc":{"start":{"line":48,"column":20},"end":{"line":63,"column":5}}},"8":{"name":"(anonymous_8)","decl":{"start":{"line":51,"column":66},"end":{"line":51,"column":70}},"loc":{"start":{"line":51,"column":73},"end":{"line":53,"column":17}}},"9":{"name":"(anonymous_9)","decl":{"start":{"line":54,"column":48},"end":{"line":54,"column":54}},"loc":{"start":{"line":54,"column":57},"end":{"line":60,"column":17}}},"10":{"name":"(anonymous_10)","decl":{"start":{"line":56,"column":57},"end":{"line":56,"column":61}},"loc":{"start":{"line":56,"column":64},"end":{"line":58,"column":25}}}},"branchMap":{"0":{"loc":{"start":{"line":27,"column":8},"end":{"line":33,"column":null}},"type":"if","locations":[{"start":{"line":27,"column":8},"end":{"line":33,"column":null}}]},"1":{"loc":{"start":{"line":28,"column":12},"end":{"line":32,"column":null}},"type":"if","locations":[{"start":{"line":28,"column":12},"end":{"line":32,"column":null}}]},"2":{"loc":{"start":{"line":37,"column":8},"end":{"line":39,"column":null}},"type":"if","locations":[{"start":{"line":37,"column":8},"end":{"line":39,"column":null}}]},"3":{"loc":{"start":{"line":43,"column":8},"end":{"line":45,"column":null}},"type":"if","locations":[{"start":{"line":43,"column":8},"end":{"line":45,"column":null}}]},"4":{"loc":{"start":{"line":49,"column":8},"end":{"line":62,"column":null}},"type":"if","locations":[{"start":{"line":49,"column":8},"end":{"line":62,"column":null}}]},"5":{"loc":{"start":{"line":50,"column":12},"end":{"line":61,"column":null}},"type":"if","locations":[{"start":{"line":50,"column":12},"end":{"line":61,"column":null}}]},"6":{"loc":{"start":{"line":55,"column":20},"end":{"line":59,"column":null}},"type":"if","locations":[{"start":{"line":55,"column":20},"end":{"line":59,"column":null}}]}},"s":{"0":1,"1":1,"2":5,"3":5,"4":5,"5":5,"6":2,"7":0,"8":0,"9":0,"10":0,"11":2,"12":2,"13":2,"14":2,"15":2,"16":2,"17":2,"18":0,"19":2,"20":0,"21":0,"22":0,"23":1},"f":{"0":5,"1":5,"2":2,"3":0,"4":0,"5":2,"6":2,"7":2,"8":0,"9":0,"10":0},"b":{"0":[0],"1":[0],"2":[2],"3":[2],"4":[2],"5":[2],"6":[0]}}
,"C:\\Avans\\Jaar3\\Periode3\\SOA3\\AvansDevOps\\src\\pipeline\\pipelineStatus.ts": {"path":"C:\\Avans\\Jaar3\\Periode3\\SOA3\\AvansDevOps\\src\\pipeline\\pipelineStatus.ts","statementMap":{"0":{"start":{"line":1,"column":0},"end":{"line":1,"column":null}},"1":{"start":{"line":2,"column":4},"end":{"line":2,"column":null}},"2":{"start":{"line":3,"column":4},"end":{"line":3,"column":null}},"3":{"start":{"line":4,"column":4},"end":{"line":4,"column":null}},"4":{"start":{"line":5,"column":4},"end":{"line":5,"column":null}}},"fnMap":{"0":{"name":"(anonymous_0)","decl":{"start":{"line":1,"column":0},"end":{"line":1,"column":12}},"loc":{"start":{"line":1,"column":26},"end":{"line":6,"column":1}}}},"branchMap":{"0":{"loc":{"start":{"line":1,"column":12},"end":{"line":1,"column":null}},"type":"binary-expr","locations":[{"start":{"line":1,"column":12},"end":{"line":1,"column":26}},{"start":{"line":1,"column":12},"end":{"line":1,"column":null}}]}},"s":{"0":4,"1":4,"2":4,"3":4,"4":4},"f":{"0":4},"b":{"0":[4,4]}}
,"C:\\Avans\\Jaar3\\Periode3\\SOA3\\AvansDevOps\\src\\pipeline\\visitor.ts": {"path":"C:\\Avans\\Jaar3\\Periode3\\SOA3\\AvansDevOps\\src\\pipeline\\visitor.ts","statementMap":{"0":{"start":{"line":6,"column":0},"end":{"line":6,"column":22}}},"fnMap":{},"branchMap":{},"s":{"0":4},"f":{},"b":{}}
,"C:\\Avans\\Jaar3\\Periode3\\SOA3\\AvansDevOps\\src\\report\\pdfReportBehaviour.ts": {"path":"C:\\Avans\\Jaar3\\Periode3\\SOA3\\AvansDevOps\\src\\report\\pdfReportBehaviour.ts","statementMap":{"0":{"start":{"line":2,"column":0},"end":{"line":2,"column":25}},"1":{"start":{"line":7,"column":28},"end":{"line":7,"column":172}},"2":{"start":{"line":9,"column":8},"end":{"line":13,"column":11}},"3":{"start":{"line":10,"column":12},"end":{"line":12,"column":null}},"4":{"start":{"line":11,"column":16},"end":{"line":11,"column":42}},"5":{"start":{"line":15,"column":8},"end":{"line":15,"column":61}},"6":{"start":{"line":5,"column":0},"end":{"line":5,"column":13}}},"fnMap":{"0":{"name":"(anonymous_6)","decl":{"start":{"line":6,"column":4},"end":{"line":6,"column":18}},"loc":{"start":{"line":6,"column":34},"end":{"line":16,"column":5}}},"1":{"name":"(anonymous_7)","decl":{"start":{"line":9,"column":74},"end":{"line":9,"column":84}},"loc":{"start":{"line":9,"column":87},"end":{"line":13,"column":9}}}},"branchMap":{"0":{"loc":{"start":{"line":7,"column":31},"end":{"line":7,"column":56}},"type":"cond-expr","locations":[{"start":{"line":7,"column":44},"end":{"line":7,"column":46}},{"start":{"line":7,"column":44},"end":{"line":7,"column":56}}]},"1":{"loc":{"start":{"line":7,"column":31},"end":{"line":7,"column":46}},"type":"binary-expr","locations":[{"start":{"line":7,"column":31},"end":{"line":7,"column":46}},{"start":{"line":7,"column":44},"end":{"line":7,"column":46}}]},"2":{"loc":{"start":{"line":7,"column":145},"end":{"line":7,"column":170}},"type":"cond-expr","locations":[{"start":{"line":7,"column":158},"end":{"line":7,"column":160}},{"start":{"line":7,"column":158},"end":{"line":7,"column":170}}]},"3":{"loc":{"start":{"line":7,"column":145},"end":{"line":7,"column":160}},"type":"binary-expr","locations":[{"start":{"line":7,"column":145},"end":{"line":7,"column":160}},{"start":{"line":7,"column":158},"end":{"line":7,"column":160}}]},"4":{"loc":{"start":{"line":10,"column":12},"end":{"line":12,"column":null}},"type":"if","locations":[{"start":{"line":10,"column":12},"end":{"line":12,"column":null}}]}},"s":{"0":4,"1":1,"2":1,"3":0,"4":0,"5":1,"6":4},"f":{"0":1,"1":0},"b":{"0":[0,1],"1":[1,1],"2":[0,1],"3":[1,1],"4":[0]}}
,"C:\\Avans\\Jaar3\\Periode3\\SOA3\\AvansDevOps\\src\\report\\pngReportBehaviour.ts": {"path":"C:\\Avans\\Jaar3\\Periode3\\SOA3\\AvansDevOps\\src\\report\\pngReportBehaviour.ts","statementMap":{"0":{"start":{"line":2,"column":0},"end":{"line":2,"column":25}},"1":{"start":{"line":7,"column":28},"end":{"line":7,"column":172}},"2":{"start":{"line":9,"column":8},"end":{"line":13,"column":11}},"3":{"start":{"line":10,"column":12},"end":{"line":12,"column":null}},"4":{"start":{"line":11,"column":16},"end":{"line":11,"column":42}},"5":{"start":{"line":14,"column":8},"end":{"line":14,"column":61}},"6":{"start":{"line":5,"column":0},"end":{"line":5,"column":13}}},"fnMap":{"0":{"name":"(anonymous_6)","decl":{"start":{"line":6,"column":4},"end":{"line":6,"column":18}},"loc":{"start":{"line":6,"column":34},"end":{"line":15,"column":5}}},"1":{"name":"(anonymous_7)","decl":{"start":{"line":9,"column":74},"end":{"line":9,"column":84}},"loc":{"start":{"line":9,"column":87},"end":{"line":13,"column":9}}}},"branchMap":{"0":{"loc":{"start":{"line":7,"column":31},"end":{"line":7,"column":56}},"type":"cond-expr","locations":[{"start":{"line":7,"column":44},"end":{"line":7,"column":46}},{"start":{"line":7,"column":44},"end":{"line":7,"column":56}}]},"1":{"loc":{"start":{"line":7,"column":31},"end":{"line":7,"column":46}},"type":"binary-expr","locations":[{"start":{"line":7,"column":31},"end":{"line":7,"column":46}},{"start":{"line":7,"column":44},"end":{"line":7,"column":46}}]},"2":{"loc":{"start":{"line":7,"column":145},"end":{"line":7,"column":170}},"type":"cond-expr","locations":[{"start":{"line":7,"column":158},"end":{"line":7,"column":160}},{"start":{"line":7,"column":158},"end":{"line":7,"column":170}}]},"3":{"loc":{"start":{"line":7,"column":145},"end":{"line":7,"column":160}},"type":"binary-expr","locations":[{"start":{"line":7,"column":145},"end":{"line":7,"column":160}},{"start":{"line":7,"column":158},"end":{"line":7,"column":160}}]},"4":{"loc":{"start":{"line":10,"column":12},"end":{"line":12,"column":null}},"type":"if","locations":[{"start":{"line":10,"column":12},"end":{"line":12,"column":null}}]}},"s":{"0":1,"1":1,"2":1,"3":0,"4":0,"5":1,"6":1},"f":{"0":1,"1":0},"b":{"0":[0,1],"1":[1,1],"2":[0,1],"3":[1,1],"4":[0]}}
,"C:\\Avans\\Jaar3\\Periode3\\SOA3\\AvansDevOps\\src\\report\\report.ts": {"path":"C:\\Avans\\Jaar3\\Periode3\\SOA3\\AvansDevOps\\src\\report\\report.ts","statementMap":{"0":{"start":{"line":2,"column":0},"end":{"line":2,"column":52}},"1":{"start":{"line":8,"column":71},"end":{"line":8,"column":96}},"2":{"start":{"line":8,"column":105},"end":{"line":8,"column":130}},"3":{"start":{"line":8,"column":139},"end":{"line":8,"column":164}},"4":{"start":{"line":8,"column":173},"end":{"line":8,"column":196}},"5":{"start":{"line":8,"column":205},"end":{"line":8,"column":227}},"6":{"start":{"line":9,"column":8},"end":{"line":9,"column":33}},"7":{"start":{"line":10,"column":8},"end":{"line":10,"column":41}},"8":{"start":{"line":14,"column":8},"end":{"line":14,"column":90}},"9":{"start":{"line":18,"column":8},"end":{"line":18,"column":90}},"10":{"start":{"line":22,"column":8},"end":{"line":22,"column":47}},"11":{"start":{"line":26,"column":8},"end":{"line":26,"column":41}},"12":{"start":{"line":30,"column":8},"end":{"line":30,"column":50}},"13":{"start":{"line":4,"column":0},"end":{"line":4,"column":13}}},"fnMap":{"0":{"name":"(anonymous_0)","decl":{"start":{"line":8,"column":4},"end":{"line":8,"column":16}},"loc":{"start":{"line":8,"column":227},"end":{"line":11,"column":5}}},"1":{"name":"(anonymous_1)","decl":{"start":{"line":13,"column":4},"end":{"line":13,"column":13}},"loc":{"start":{"line":13,"column":102},"end":{"line":15,"column":5}}},"2":{"name":"(anonymous_2)","decl":{"start":{"line":17,"column":4},"end":{"line":17,"column":13}},"loc":{"start":{"line":17,"column":102},"end":{"line":19,"column":5}}},"3":{"name":"(anonymous_3)","decl":{"start":{"line":21,"column":4},"end":{"line":21,"column":22}},"loc":{"start":{"line":21,"column":47},"end":{"line":23,"column":5}}},"4":{"name":"(anonymous_4)","decl":{"start":{"line":25,"column":4},"end":{"line":25,"column":19}},"loc":{"start":{"line":25,"column":41},"end":{"line":27,"column":5}}},"5":{"name":"(anonymous_5)","decl":{"start":{"line":29,"column":4},"end":{"line":29,"column":18}},"loc":{"start":{"line":29,"column":18},"end":{"line":31,"column":5}}}},"branchMap":{},"s":{"0":4,"1":25,"2":25,"3":25,"4":25,"5":25,"6":25,"7":25,"8":2,"9":2,"10":2,"11":2,"12":2,"13":4},"f":{"0":25,"1":2,"2":2,"3":2,"4":2,"5":2},"b":{}}
,"C:\\Avans\\Jaar3\\Periode3\\SOA3\\AvansDevOps\\src\\report\\reportComponent.ts": {"path":"C:\\Avans\\Jaar3\\Periode3\\SOA3\\AvansDevOps\\src\\report\\reportComponent.ts","statementMap":{"0":{"start":{"line":3,"column":23},"end":{"line":3,"column":36}},"1":{"start":{"line":3,"column":45},"end":{"line":3,"column":65}},"2":{"start":{"line":3,"column":74},"end":{"line":3,"column":95}},"3":{"start":{"line":3,"column":104},"end":{"line":3,"column":120}},"4":{"start":{"line":3,"column":129},"end":{"line":3,"column":140}},"5":{"start":{"line":6,"column":8},"end":{"line":6,"column":133}},"6":{"start":{"line":1,"column":0},"end":{"line":1,"column":13}}},"fnMap":{"0":{"name":"(anonymous_0)","decl":{"start":{"line":3,"column":4},"end":{"line":3,"column":23}},"loc":{"start":{"line":3,"column":140},"end":{"line":3,"column":143}}},"1":{"name":"(anonymous_1)","decl":{"start":{"line":5,"column":11},"end":{"line":5,"column":19}},"loc":{"start":{"line":5,"column":19},"end":{"line":7,"column":5}}}},"branchMap":{},"s":{"0":4,"1":4,"2":4,"3":4,"4":4,"5":4,"6":4},"f":{"0":4,"1":4},"b":{}}
,"C:\\Avans\\Jaar3\\Periode3\\SOA3\\AvansDevOps\\src\\sprint\\releaseSprint.ts": {"path":"C:\\Avans\\Jaar3\\Periode3\\SOA3\\AvansDevOps\\src\\sprint\\releaseSprint.ts","statementMap":{"0":{"start":{"line":1,"column":0},"end":{"line":1,"column":60}},"1":{"start":{"line":2,"column":0},"end":{"line":2,"column":58}},"2":{"start":{"line":3,"column":0},"end":{"line":3,"column":34}},"3":{"start":{"line":7,"column":4},"end":{"line":7,"column":34}},"4":{"start":{"line":8,"column":4},"end":{"line":8,"column":44}},"5":{"start":{"line":11,"column":8},"end":{"line":11,"column":32}},"6":{"start":{"line":12,"column":8},"end":{"line":12,"column":31}},"7":{"start":{"line":16,"column":8},"end":{"line":16,"column":72}},"8":{"start":{"line":20,"column":8},"end":{"line":42,"column":null}},"9":{"start":{"line":21,"column":12},"end":{"line":21,"column":33}},"10":{"start":{"line":22,"column":12},"end":{"line":22,"column":56}},"11":{"start":{"line":24,"column":12},"end":{"line":41,"column":null}},"12":{"start":{"line":25,"column":16},"end":{"line":25,"column":59}},"13":{"start":{"line":27,"column":16},"end":{"line":33,"column":19}},"14":{"start":{"line":28,"column":20},"end":{"line":32,"column":null}},"15":{"start":{"line":29,"column":24},"end":{"line":31,"column":27}},"16":{"start":{"line":30,"column":28},"end":{"line":30,"column":42}},"17":{"start":{"line":35,"column":16},"end":{"line":35,"column":68}},"18":{"start":{"line":37,"column":16},"end":{"line":40,"column":null}},"19":{"start":{"line":38,"column":43},"end":{"line":38,"column":63}},"20":{"start":{"line":39,"column":20},"end":{"line":39,"column":57}},"21":{"start":{"line":5,"column":0},"end":{"line":5,"column":13}}},"fnMap":{"0":{"name":"(anonymous_0)","decl":{"start":{"line":5,"column":0},"end":{"line":5,"column":13}},"loc":{"start":{"line":5,"column":0},"end":{"line":46,"column":1}}},"1":{"name":"(anonymous_1)","decl":{"start":{"line":10,"column":4},"end":{"line":10,"column":21}},"loc":{"start":{"line":10,"column":21},"end":{"line":13,"column":5}}},"2":{"name":"(anonymous_2)","decl":{"start":{"line":15,"column":11},"end":{"line":15,"column":24}},"loc":{"start":{"line":15,"column":24},"end":{"line":17,"column":5}}},"3":{"name":"(anonymous_3)","decl":{"start":{"line":19,"column":11},"end":{"line":19,"column":24}},"loc":{"start":{"line":19,"column":24},"end":{"line":45,"column":5}}},"4":{"name":"(anonymous_4)","decl":{"start":{"line":27,"column":41},"end":{"line":27,"column":47}},"loc":{"start":{"line":27,"column":50},"end":{"line":33,"column":17}}},"5":{"name":"(anonymous_5)","decl":{"start":{"line":29,"column":57},"end":{"line":29,"column":61}},"loc":{"start":{"line":29,"column":64},"end":{"line":31,"column":25}}}},"branchMap":{"0":{"loc":{"start":{"line":20,"column":8},"end":{"line":42,"column":null}},"type":"if","locations":[{"start":{"line":20,"column":8},"end":{"line":42,"column":null}},{"start":{"line":23,"column":14},"end":{"line":42,"column":null}}]},"1":{"loc":{"start":{"line":24,"column":12},"end":{"line":41,"column":null}},"type":"if","locations":[{"start":{"line":24,"column":12},"end":{"line":41,"column":null}},{"start":{"line":34,"column":18},"end":{"line":41,"column":null}}]},"2":{"loc":{"start":{"line":28,"column":20},"end":{"line":32,"column":null}},"type":"if","locations":[{"start":{"line":28,"column":20},"end":{"line":32,"column":null}}]},"3":{"loc":{"start":{"line":37,"column":16},"end":{"line":40,"column":null}},"type":"if","locations":[{"start":{"line":37,"column":16},"end":{"line":40,"column":null}}]}},"s":{"0":3,"1":3,"2":3,"3":2,"4":2,"5":1,"6":1,"7":0,"8":2,"9":0,"10":0,"11":2,"12":1,"13":1,"14":0,"15":0,"16":0,"17":1,"18":1,"19":1,"20":1,"21":3},"f":{"0":2,"1":1,"2":0,"3":2,"4":0,"5":0},"b":{"0":[0,2],"1":[1,1],"2":[0],"3":[1]}}
,"C:\\Avans\\Jaar3\\Periode3\\SOA3\\AvansDevOps\\src\\sprint\\reviewSprint.ts": {"path":"C:\\Avans\\Jaar3\\Periode3\\SOA3\\AvansDevOps\\src\\sprint\\reviewSprint.ts","statementMap":{"0":{"start":{"line":1,"column":0},"end":{"line":1,"column":60}},"1":{"start":{"line":2,"column":0},"end":{"line":2,"column":34}},"2":{"start":{"line":6,"column":4},"end":{"line":6,"column":37}},"3":{"start":{"line":9,"column":8},"end":{"line":9,"column":36}},"4":{"start":{"line":13,"column":8},"end":{"line":13,"column":72}},"5":{"start":{"line":17,"column":8},"end":{"line":17,"column":83}},"6":{"start":{"line":21,"column":8},"end":{"line":35,"column":null}},"7":{"start":{"line":22,"column":12},"end":{"line":22,"column":33}},"8":{"start":{"line":23,"column":12},"end":{"line":23,"column":56}},"9":{"start":{"line":25,"column":12},"end":{"line":34,"column":null}},"10":{"start":{"line":26,"column":16},"end":{"line":26,"column":66}},"11":{"start":{"line":28,"column":16},"end":{"line":31,"column":null}},"12":{"start":{"line":29,"column":43},"end":{"line":29,"column":63}},"13":{"start":{"line":30,"column":20},"end":{"line":30,"column":57}},"14":{"start":{"line":33,"column":16},"end":{"line":33,"column":null}},"15":{"start":{"line":4,"column":0},"end":{"line":4,"column":13}}},"fnMap":{"0":{"name":"(anonymous_0)","decl":{"start":{"line":4,"column":0},"end":{"line":4,"column":13}},"loc":{"start":{"line":4,"column":0},"end":{"line":38,"column":1}}},"1":{"name":"(anonymous_1)","decl":{"start":{"line":8,"column":11},"end":{"line":8,"column":24}},"loc":{"start":{"line":8,"column":24},"end":{"line":10,"column":5}}},"2":{"name":"(anonymous_2)","decl":{"start":{"line":12,"column":11},"end":{"line":12,"column":28}},"loc":{"start":{"line":12,"column":28},"end":{"line":14,"column":5}}},"3":{"name":"(anonymous_3)","decl":{"start":{"line":16,"column":12},"end":{"line":16,"column":29}},"loc":{"start":{"line":16,"column":41},"end":{"line":18,"column":5}}},"4":{"name":"(anonymous_4)","decl":{"start":{"line":20,"column":11},"end":{"line":20,"column":24}},"loc":{"start":{"line":20,"column":24},"end":{"line":36,"column":5}}}},"branchMap":{"0":{"loc":{"start":{"line":21,"column":8},"end":{"line":35,"column":null}},"type":"if","locations":[{"start":{"line":21,"column":8},"end":{"line":35,"column":null}},{"start":{"line":24,"column":14},"end":{"line":35,"column":null}}]},"1":{"loc":{"start":{"line":25,"column":12},"end":{"line":34,"column":null}},"type":"if","locations":[{"start":{"line":25,"column":12},"end":{"line":34,"column":null}},{"start":{"line":32,"column":19},"end":{"line":34,"column":null}}]},"2":{"loc":{"start":{"line":28,"column":16},"end":{"line":31,"column":null}},"type":"if","locations":[{"start":{"line":28,"column":16},"end":{"line":31,"column":null}}]}},"s":{"0":4,"1":4,"2":23,"3":2,"4":0,"5":3,"6":3,"7":1,"8":1,"9":2,"10":1,"11":1,"12":1,"13":1,"14":1,"15":4},"f":{"0":23,"1":2,"2":0,"3":3,"4":3},"b":{"0":[1,2],"1":[1,1],"2":[1]}}
,"C:\\Avans\\Jaar3\\Periode3\\SOA3\\AvansDevOps\\src\\sprint\\sprint.ts": {"path":"C:\\Avans\\Jaar3\\Periode3\\SOA3\\AvansDevOps\\src\\sprint\\sprint.ts","statementMap":{"0":{"start":{"line":12,"column":11},"end":{"line":12,"column":38}},"1":{"start":{"line":13,"column":11},"end":{"line":13,"column":46}},"2":{"start":{"line":27,"column":12},"end":{"line":27,"column":37}},"3":{"start":{"line":28,"column":12},"end":{"line":28,"column":31}},"4":{"start":{"line":29,"column":12},"end":{"line":29,"column":39}},"5":{"start":{"line":30,"column":12},"end":{"line":30,"column":35}},"6":{"start":{"line":32,"column":12},"end":{"line":32,"column":43}},"7":{"start":{"line":33,"column":12},"end":{"line":33,"column":33}},"8":{"start":{"line":35,"column":12},"end":{"line":35,"column":47}},"9":{"start":{"line":45,"column":8},"end":{"line":47,"column":null}},"10":{"start":{"line":46,"column":12},"end":{"line":46,"column":42}},"11":{"start":{"line":52,"column":8},"end":{"line":54,"column":null}},"12":{"start":{"line":53,"column":12},"end":{"line":53,"column":33}},"13":{"start":{"line":58,"column":8},"end":{"line":60,"column":null}},"14":{"start":{"line":59,"column":12},"end":{"line":59,"column":41}},"15":{"start":{"line":64,"column":8},"end":{"line":64,"column":31}},"16":{"start":{"line":66,"column":8},"end":{"line":66,"column":33}},"17":{"start":{"line":6,"column":0},"end":{"line":6,"column":22}}},"fnMap":{"0":{"name":"(anonymous_0)","decl":{"start":{"line":19,"column":4},"end":{"line":19,"column":null}},"loc":{"start":{"line":25,"column":27},"end":{"line":37,"column":5}}},"1":{"name":"(anonymous_1)","decl":{"start":{"line":44,"column":11},"end":{"line":44,"column":24}},"loc":{"start":{"line":44,"column":38},"end":{"line":49,"column":5}}},"2":{"name":"(anonymous_2)","decl":{"start":{"line":51,"column":11},"end":{"line":51,"column":20}},"loc":{"start":{"line":51,"column":35},"end":{"line":55,"column":5}}},"3":{"name":"(anonymous_3)","decl":{"start":{"line":57,"column":11},"end":{"line":57,"column":25}},"loc":{"start":{"line":57,"column":25},"end":{"line":61,"column":5}}},"4":{"name":"(anonymous_4)","decl":{"start":{"line":63,"column":11},"end":{"line":63,"column":22}},"loc":{"start":{"line":63,"column":42},"end":{"line":67,"column":5}}}},"branchMap":{"0":{"loc":{"start":{"line":45,"column":8},"end":{"line":47,"column":null}},"type":"if","locations":[{"start":{"line":45,"column":8},"end":{"line":47,"column":null}}]},"1":{"loc":{"start":{"line":52,"column":8},"end":{"line":54,"column":null}},"type":"if","locations":[{"start":{"line":52,"column":8},"end":{"line":54,"column":null}}]},"2":{"loc":{"start":{"line":58,"column":8},"end":{"line":60,"column":null}},"type":"if","locations":[{"start":{"line":58,"column":8},"end":{"line":60,"column":null}}]}},"s":{"0":25,"1":25,"2":25,"3":25,"4":25,"5":25,"6":25,"7":25,"8":25,"9":2,"10":2,"11":0,"12":0,"13":2,"14":2,"15":5,"16":5,"17":4},"f":{"0":25,"1":2,"2":0,"3":2,"4":5},"b":{"0":[2],"1":[0],"2":[2]}}
,"C:\\Avans\\Jaar3\\Periode3\\SOA3\\AvansDevOps\\src\\sprint\\sprintFactory.ts": {"path":"C:\\Avans\\Jaar3\\Periode3\\SOA3\\AvansDevOps\\src\\sprint\\sprintFactory.ts","statementMap":{"0":{"start":{"line":3,"column":0},"end":{"line":3,"column":48}},"1":{"start":{"line":4,"column":0},"end":{"line":4,"column":46}},"2":{"start":{"line":8,"column":8},"end":{"line":15,"column":null}},"3":{"start":{"line":10,"column":16},"end":{"line":10,"column":99}},"4":{"start":{"line":12,"column":16},"end":{"line":12,"column":99}},"5":{"start":{"line":14,"column":16},"end":{"line":14,"column":64}},"6":{"start":{"line":6,"column":0},"end":{"line":6,"column":13}}},"fnMap":{"0":{"name":"(anonymous_0)","decl":{"start":{"line":7,"column":4},"end":{"line":7,"column":16}},"loc":{"start":{"line":7,"column":142},"end":{"line":16,"column":5}}}},"branchMap":{"0":{"loc":{"start":{"line":8,"column":8},"end":{"line":15,"column":null}},"type":"switch","locations":[{"start":{"line":9,"column":12},"end":{"line":10,"column":99}},{"start":{"line":11,"column":12},"end":{"line":12,"column":99}},{"start":{"line":13,"column":12},"end":{"line":14,"column":64}}]}},"s":{"0":3,"1":3,"2":22,"3":20,"4":2,"5":0,"6":3},"f":{"0":22},"b":{"0":[20,2,0]}}
,"C:\\Avans\\Jaar3\\Periode3\\SOA3\\AvansDevOps\\src\\states\\doingState.ts": {"path":"C:\\Avans\\Jaar3\\Periode3\\SOA3\\AvansDevOps\\src\\states\\doingState.ts","statementMap":{"0":{"start":{"line":2,"column":0},"end":{"line":2,"column":52}},"1":{"start":{"line":3,"column":0},"end":{"line":3,"column":48}},"2":{"start":{"line":5,"column":0},"end":{"line":5,"column":62}},"3":{"start":{"line":11,"column":8},"end":{"line":11,"column":25}},"4":{"start":{"line":15,"column":8},"end":{"line":15,"column":50}},"5":{"start":{"line":18,"column":8},"end":{"line":18,"column":50}},"6":{"start":{"line":22,"column":8},"end":{"line":31,"column":null}},"7":{"start":{"line":23,"column":12},"end":{"line":29,"column":15}},"8":{"start":{"line":24,"column":16},"end":{"line":28,"column":null}},"9":{"start":{"line":25,"column":20},"end":{"line":27,"column":23}},"10":{"start":{"line":26,"column":24},"end":{"line":26,"column":38}},"11":{"start":{"line":32,"column":8},"end":{"line":32,"column":67}},"12":{"start":{"line":35,"column":8},"end":{"line":35,"column":50}},"13":{"start":{"line":38,"column":8},"end":{"line":38,"column":50}},"14":{"start":{"line":41,"column":8},"end":{"line":41,"column":50}},"15":{"start":{"line":7,"column":0},"end":{"line":7,"column":13}}},"fnMap":{"0":{"name":"(anonymous_0)","decl":{"start":{"line":10,"column":4},"end":{"line":10,"column":23}},"loc":{"start":{"line":10,"column":52},"end":{"line":12,"column":5}}},"1":{"name":"(anonymous_1)","decl":{"start":{"line":14,"column":4},"end":{"line":14,"column":8}},"loc":{"start":{"line":14,"column":8},"end":{"line":16,"column":5}}},"2":{"name":"(anonymous_2)","decl":{"start":{"line":17,"column":4},"end":{"line":17,"column":9}},"loc":{"start":{"line":17,"column":9},"end":{"line":19,"column":5}}},"3":{"name":"(anonymous_3)","decl":{"start":{"line":20,"column":4},"end":{"line":20,"column":19}},"loc":{"start":{"line":20,"column":19},"end":{"line":33,"column":5}}},"4":{"name":"(anonymous_4)","decl":{"start":{"line":23,"column":49},"end":{"line":23,"column":55}},"loc":{"start":{"line":23,"column":58},"end":{"line":29,"column":13}}},"5":{"name":"(anonymous_5)","decl":{"start":{"line":25,"column":53},"end":{"line":25,"column":57}},"loc":{"start":{"line":25,"column":60},"end":{"line":27,"column":21}}},"6":{"name":"(anonymous_6)","decl":{"start":{"line":34,"column":4},"end":{"line":34,"column":11}},"loc":{"start":{"line":34,"column":11},"end":{"line":36,"column":5}}},"7":{"name":"(anonymous_7)","decl":{"start":{"line":37,"column":4},"end":{"line":37,"column":10}},"loc":{"start":{"line":37,"column":10},"end":{"line":39,"column":5}}},"8":{"name":"(anonymous_8)","decl":{"start":{"line":40,"column":4},"end":{"line":40,"column":8}},"loc":{"start":{"line":40,"column":8},"end":{"line":42,"column":5}}}},"branchMap":{"0":{"loc":{"start":{"line":22,"column":8},"end":{"line":31,"column":null}},"type":"if","locations":[{"start":{"line":22,"column":8},"end":{"line":31,"column":null}}]},"1":{"loc":{"start":{"line":24,"column":16},"end":{"line":28,"column":null}},"type":"if","locations":[{"start":{"line":24,"column":16},"end":{"line":28,"column":null}}]}},"s":{"0":2,"1":2,"2":2,"3":13,"4":0,"5":0,"6":11,"7":9,"8":2,"9":1,"10":1,"11":11,"12":0,"13":0,"14":0,"15":2},"f":{"0":13,"1":0,"2":0,"3":11,"4":2,"5":1,"6":0,"7":0,"8":0},"b":{"0":[9],"1":[1]}}
,"C:\\Avans\\Jaar3\\Periode3\\SOA3\\AvansDevOps\\src\\states\\doneState.ts": {"path":"C:\\Avans\\Jaar3\\Periode3\\SOA3\\AvansDevOps\\src\\states\\doneState.ts","statementMap":{"0":{"start":{"line":4,"column":0},"end":{"line":4,"column":40}},"1":{"start":{"line":10,"column":8},"end":{"line":10,"column":25}},"2":{"start":{"line":14,"column":8},"end":{"line":14,"column":56}},"3":{"start":{"line":17,"column":8},"end":{"line":17,"column":50}},"4":{"start":{"line":20,"column":8},"end":{"line":20,"column":50}},"5":{"start":{"line":23,"column":8},"end":{"line":23,"column":50}},"6":{"start":{"line":26,"column":8},"end":{"line":26,"column":50}},"7":{"start":{"line":29,"column":8},"end":{"line":29,"column":50}},"8":{"start":{"line":6,"column":0},"end":{"line":6,"column":13}}},"fnMap":{"0":{"name":"(anonymous_0)","decl":{"start":{"line":9,"column":4},"end":{"line":9,"column":23}},"loc":{"start":{"line":9,"column":52},"end":{"line":11,"column":5}}},"1":{"name":"(anonymous_1)","decl":{"start":{"line":13,"column":4},"end":{"line":13,"column":8}},"loc":{"start":{"line":13,"column":8},"end":{"line":15,"column":5}}},"2":{"name":"(anonymous_2)","decl":{"start":{"line":16,"column":4},"end":{"line":16,"column":9}},"loc":{"start":{"line":16,"column":9},"end":{"line":18,"column":5}}},"3":{"name":"(anonymous_3)","decl":{"start":{"line":19,"column":4},"end":{"line":19,"column":19}},"loc":{"start":{"line":19,"column":19},"end":{"line":21,"column":5}}},"4":{"name":"(anonymous_4)","decl":{"start":{"line":22,"column":4},"end":{"line":22,"column":11}},"loc":{"start":{"line":22,"column":11},"end":{"line":24,"column":5}}},"5":{"name":"(anonymous_5)","decl":{"start":{"line":25,"column":4},"end":{"line":25,"column":10}},"loc":{"start":{"line":25,"column":10},"end":{"line":27,"column":5}}},"6":{"name":"(anonymous_6)","decl":{"start":{"line":28,"column":4},"end":{"line":28,"column":8}},"loc":{"start":{"line":28,"column":8},"end":{"line":30,"column":5}}}},"branchMap":{},"s":{"0":2,"1":4,"2":1,"3":0,"4":0,"5":1,"6":0,"7":0,"8":2},"f":{"0":4,"1":1,"2":0,"3":0,"4":1,"5":0,"6":0},"b":{}}
,"C:\\Avans\\Jaar3\\Periode3\\SOA3\\AvansDevOps\\src\\states\\readyForTestingState.ts": {"path":"C:\\Avans\\Jaar3\\Periode3\\SOA3\\AvansDevOps\\src\\states\\readyForTestingState.ts","statementMap":{"0":{"start":{"line":4,"column":0},"end":{"line":4,"column":46}},"1":{"start":{"line":10,"column":8},"end":{"line":10,"column":25}},"2":{"start":{"line":14,"column":8},"end":{"line":14,"column":50}},"3":{"start":{"line":17,"column":8},"end":{"line":17,"column":50}},"4":{"start":{"line":20,"column":8},"end":{"line":20,"column":50}},"5":{"start":{"line":23,"column":8},"end":{"line":23,"column":59}},"6":{"start":{"line":26,"column":8},"end":{"line":26,"column":50}},"7":{"start":{"line":29,"column":8},"end":{"line":29,"column":50}},"8":{"start":{"line":6,"column":0},"end":{"line":6,"column":13}}},"fnMap":{"0":{"name":"(anonymous_0)","decl":{"start":{"line":9,"column":4},"end":{"line":9,"column":23}},"loc":{"start":{"line":9,"column":52},"end":{"line":11,"column":5}}},"1":{"name":"(anonymous_1)","decl":{"start":{"line":13,"column":4},"end":{"line":13,"column":8}},"loc":{"start":{"line":13,"column":8},"end":{"line":15,"column":5}}},"2":{"name":"(anonymous_2)","decl":{"start":{"line":16,"column":4},"end":{"line":16,"column":9}},"loc":{"start":{"line":16,"column":9},"end":{"line":18,"column":5}}},"3":{"name":"(anonymous_3)","decl":{"start":{"line":19,"column":4},"end":{"line":19,"column":19}},"loc":{"start":{"line":19,"column":19},"end":{"line":21,"column":5}}},"4":{"name":"(anonymous_4)","decl":{"start":{"line":22,"column":4},"end":{"line":22,"column":11}},"loc":{"start":{"line":22,"column":11},"end":{"line":24,"column":5}}},"5":{"name":"(anonymous_5)","decl":{"start":{"line":25,"column":4},"end":{"line":25,"column":10}},"loc":{"start":{"line":25,"column":10},"end":{"line":27,"column":5}}},"6":{"name":"(anonymous_6)","decl":{"start":{"line":28,"column":4},"end":{"line":28,"column":8}},"loc":{"start":{"line":28,"column":8},"end":{"line":30,"column":5}}}},"branchMap":{},"s":{"0":2,"1":13,"2":0,"3":0,"4":0,"5":9,"6":1,"7":0,"8":2},"f":{"0":13,"1":0,"2":0,"3":0,"4":9,"5":1,"6":0},"b":{}}
,"C:\\Avans\\Jaar3\\Periode3\\SOA3\\AvansDevOps\\src\\states\\testedState.ts": {"path":"C:\\Avans\\Jaar3\\Periode3\\SOA3\\AvansDevOps\\src\\states\\testedState.ts","statementMap":{"0":{"start":{"line":1,"column":0},"end":{"line":1,"column":46}},"1":{"start":{"line":2,"column":0},"end":{"line":2,"column":52}},"2":{"start":{"line":3,"column":0},"end":{"line":3,"column":40}},"3":{"start":{"line":5,"column":0},"end":{"line":5,"column":62}},"4":{"start":{"line":6,"column":0},"end":{"line":6,"column":40}},"5":{"start":{"line":12,"column":8},"end":{"line":12,"column":25}},"6":{"start":{"line":17,"column":8},"end":{"line":21,"column":null}},"7":{"start":{"line":18,"column":12},"end":{"line":20,"column":15}},"8":{"start":{"line":19,"column":16},"end":{"line":19,"column":30}},"9":{"start":{"line":22,"column":8},"end":{"line":22,"column":56}},"10":{"start":{"line":25,"column":8},"end":{"line":25,"column":50}},"11":{"start":{"line":28,"column":8},"end":{"line":28,"column":67}},"12":{"start":{"line":31,"column":8},"end":{"line":31,"column":50}},"13":{"start":{"line":34,"column":8},"end":{"line":34,"column":50}},"14":{"start":{"line":37,"column":8},"end":{"line":45,"column":null}},"15":{"start":{"line":38,"column":12},"end":{"line":42,"column":null}},"16":{"start":{"line":39,"column":16},"end":{"line":39,"column":64}},"17":{"start":{"line":41,"column":16},"end":{"line":41,"column":61}},"18":{"start":{"line":43,"column":15},"end":{"line":45,"column":null}},"19":{"start":{"line":44,"column":12},"end":{"line":44,"column":60}},"20":{"start":{"line":8,"column":0},"end":{"line":8,"column":13}}},"fnMap":{"0":{"name":"(anonymous_0)","decl":{"start":{"line":11,"column":4},"end":{"line":11,"column":23}},"loc":{"start":{"line":11,"column":52},"end":{"line":13,"column":5}}},"1":{"name":"(anonymous_1)","decl":{"start":{"line":15,"column":4},"end":{"line":15,"column":8}},"loc":{"start":{"line":15,"column":8},"end":{"line":23,"column":5}}},"2":{"name":"(anonymous_2)","decl":{"start":{"line":18,"column":67},"end":{"line":18,"column":71}},"loc":{"start":{"line":18,"column":74},"end":{"line":20,"column":13}}},"3":{"name":"(anonymous_3)","decl":{"start":{"line":24,"column":4},"end":{"line":24,"column":9}},"loc":{"start":{"line":24,"column":9},"end":{"line":26,"column":5}}},"4":{"name":"(anonymous_4)","decl":{"start":{"line":27,"column":4},"end":{"line":27,"column":19}},"loc":{"start":{"line":27,"column":19},"end":{"line":29,"column":5}}},"5":{"name":"(anonymous_5)","decl":{"start":{"line":30,"column":4},"end":{"line":30,"column":11}},"loc":{"start":{"line":30,"column":11},"end":{"line":32,"column":5}}},"6":{"name":"(anonymous_6)","decl":{"start":{"line":33,"column":4},"end":{"line":33,"column":10}},"loc":{"start":{"line":33,"column":10},"end":{"line":35,"column":5}}},"7":{"name":"(anonymous_7)","decl":{"start":{"line":36,"column":4},"end":{"line":36,"column":8}},"loc":{"start":{"line":36,"column":8},"end":{"line":47,"column":5}}}},"branchMap":{"0":{"loc":{"start":{"line":17,"column":8},"end":{"line":21,"column":null}},"type":"if","locations":[{"start":{"line":17,"column":8},"end":{"line":21,"column":null}}]},"1":{"loc":{"start":{"line":37,"column":8},"end":{"line":45,"column":null}},"type":"if","locations":[{"start":{"line":37,"column":8},"end":{"line":45,"column":null}},{"start":{"line":43,"column":15},"end":{"line":45,"column":null}}]},"2":{"loc":{"start":{"line":38,"column":12},"end":{"line":42,"column":null}},"type":"if","locations":[{"start":{"line":38,"column":12},"end":{"line":42,"column":null}},{"start":{"line":40,"column":18},"end":{"line":42,"column":null}}]},"3":{"loc":{"start":{"line":43,"column":15},"end":{"line":45,"column":null}},"type":"if","locations":[{"start":{"line":43,"column":15},"end":{"line":45,"column":null}}]}},"s":{"0":2,"1":2,"2":2,"3":2,"4":2,"5":8,"6":1,"7":1,"8":1,"9":1,"10":1,"11":1,"12":0,"13":0,"14":4,"15":3,"16":2,"17":1,"18":1,"19":1,"20":2},"f":{"0":8,"1":1,"2":1,"3":1,"4":1,"5":0,"6":0,"7":4},"b":{"0":[1],"1":[3,1],"2":[2,1],"3":[1]}}
,"C:\\Avans\\Jaar3\\Periode3\\SOA3\\AvansDevOps\\src\\states\\testingState.ts": {"path":"C:\\Avans\\Jaar3\\Periode3\\SOA3\\AvansDevOps\\src\\states\\testingState.ts","statementMap":{"0":{"start":{"line":4,"column":0},"end":{"line":4,"column":44}},"1":{"start":{"line":10,"column":8},"end":{"line":10,"column":25}},"2":{"start":{"line":14,"column":8},"end":{"line":14,"column":50}},"3":{"start":{"line":17,"column":8},"end":{"line":17,"column":50}},"4":{"start":{"line":20,"column":8},"end":{"line":20,"column":50}},"5":{"start":{"line":23,"column":8},"end":{"line":23,"column":50}},"6":{"start":{"line":26,"column":8},"end":{"line":26,"column":58}},"7":{"start":{"line":29,"column":8},"end":{"line":29,"column":50}},"8":{"start":{"line":6,"column":0},"end":{"line":6,"column":13}}},"fnMap":{"0":{"name":"(anonymous_0)","decl":{"start":{"line":9,"column":4},"end":{"line":9,"column":23}},"loc":{"start":{"line":9,"column":52},"end":{"line":11,"column":5}}},"1":{"name":"(anonymous_1)","decl":{"start":{"line":13,"column":4},"end":{"line":13,"column":8}},"loc":{"start":{"line":13,"column":8},"end":{"line":15,"column":5}}},"2":{"name":"(anonymous_2)","decl":{"start":{"line":16,"column":4},"end":{"line":16,"column":9}},"loc":{"start":{"line":16,"column":9},"end":{"line":18,"column":5}}},"3":{"name":"(anonymous_3)","decl":{"start":{"line":19,"column":4},"end":{"line":19,"column":19}},"loc":{"start":{"line":19,"column":19},"end":{"line":21,"column":5}}},"4":{"name":"(anonymous_4)","decl":{"start":{"line":22,"column":4},"end":{"line":22,"column":11}},"loc":{"start":{"line":22,"column":11},"end":{"line":24,"column":5}}},"5":{"name":"(anonymous_5)","decl":{"start":{"line":25,"column":4},"end":{"line":25,"column":10}},"loc":{"start":{"line":25,"column":10},"end":{"line":27,"column":5}}},"6":{"name":"(anonymous_6)","decl":{"start":{"line":28,"column":4},"end":{"line":28,"column":8}},"loc":{"start":{"line":28,"column":8},"end":{"line":30,"column":5}}}},"branchMap":{},"s":{"0":2,"1":10,"2":0,"3":1,"4":0,"5":0,"6":7,"7":0,"8":2},"f":{"0":10,"1":0,"2":1,"3":0,"4":0,"5":7,"6":0},"b":{}}
,"C:\\Avans\\Jaar3\\Periode3\\SOA3\\AvansDevOps\\src\\states\\toDoState.ts": {"path":"C:\\Avans\\Jaar3\\Periode3\\SOA3\\AvansDevOps\\src\\states\\toDoState.ts","statementMap":{"0":{"start":{"line":3,"column":0},"end":{"line":3,"column":42}},"1":{"start":{"line":10,"column":8},"end":{"line":10,"column":25}},"2":{"start":{"line":14,"column":8},"end":{"line":14,"column":50}},"3":{"start":{"line":17,"column":8},"end":{"line":17,"column":57}},"4":{"start":{"line":20,"column":8},"end":{"line":20,"column":50}},"5":{"start":{"line":23,"column":8},"end":{"line":23,"column":50}},"6":{"start":{"line":26,"column":8},"end":{"line":26,"column":50}},"7":{"start":{"line":29,"column":8},"end":{"line":29,"column":50}},"8":{"start":{"line":6,"column":0},"end":{"line":6,"column":13}}},"fnMap":{"0":{"name":"(anonymous_0)","decl":{"start":{"line":9,"column":4},"end":{"line":9,"column":23}},"loc":{"start":{"line":9,"column":52},"end":{"line":11,"column":5}}},"1":{"name":"(anonymous_1)","decl":{"start":{"line":13,"column":4},"end":{"line":13,"column":8}},"loc":{"start":{"line":13,"column":8},"end":{"line":15,"column":5}}},"2":{"name":"(anonymous_2)","decl":{"start":{"line":16,"column":4},"end":{"line":16,"column":9}},"loc":{"start":{"line":16,"column":9},"end":{"line":18,"column":5}}},"3":{"name":"(anonymous_3)","decl":{"start":{"line":19,"column":4},"end":{"line":19,"column":19}},"loc":{"start":{"line":19,"column":19},"end":{"line":21,"column":5}}},"4":{"name":"(anonymous_4)","decl":{"start":{"line":22,"column":4},"end":{"line":22,"column":11}},"loc":{"start":{"line":22,"column":11},"end":{"line":24,"column":5}}},"5":{"name":"(anonymous_5)","decl":{"start":{"line":25,"column":4},"end":{"line":25,"column":10}},"loc":{"start":{"line":25,"column":10},"end":{"line":27,"column":5}}},"6":{"name":"(anonymous_6)","decl":{"start":{"line":28,"column":4},"end":{"line":28,"column":8}},"loc":{"start":{"line":28,"column":8},"end":{"line":30,"column":5}}}},"branchMap":{},"s":{"0":2,"1":22,"2":0,"3":11,"4":0,"5":0,"6":1,"7":0,"8":2},"f":{"0":22,"1":0,"2":11,"3":0,"4":0,"5":1,"6":0},"b":{}}
}
