TN:
SF:src\models\activity.ts
FN:9,(anonymous_0)
FN:15,(anonymous_1)
FNF:2
FNH:2
FNDA:3,(anonymous_0)
FNDA:8,(anonymous_1)
DA:2,1
DA:4,1
DA:10,3
DA:11,3
DA:12,3
DA:17,8
LF:6
LH:6
BRF:0
BRH:0
end_of_record
TN:
SF:src\models\backlogItem.ts
FN:18,(anonymous_0)
FN:27,(anonymous_1)
FN:32,(anonymous_2)
FN:36,(anonymous_3)
FN:40,(anonymous_4)
FNF:5
FNH:5
FNDA:16,(anonymous_0)
FNDA:36,(anonymous_1)
FNDA:3,(anonymous_2)
FNDA:2,(anonymous_3)
FNDA:1,(anonymous_4)
DA:2,2
DA:4,2
DA:9,2
DA:19,16
DA:20,16
DA:21,16
DA:22,16
DA:23,16
DA:24,16
DA:29,36
DA:33,3
DA:38,2
DA:40,2
DA:41,1
DA:42,0
DA:46,2
LF:16
LH:15
BRDA:41,0,0,0
BRF:1
BRH:0
end_of_record
TN:
SF:src\models\forum.ts
FN:11,(anonymous_0)
FN:17,(anonymous_1)
FN:21,(anonymous_2)
FN:26,(anonymous_3)
FN:27,(anonymous_4)
FNF:5
FNH:5
FNDA:3,(anonymous_0)
FNDA:1,(anonymous_1)
FNDA:2,(anonymous_2)
FNDA:1,(anonymous_3)
FNDA:1,(anonymous_4)
DA:1,1
DA:6,1
DA:12,3
DA:13,3
DA:14,3
DA:18,1
DA:22,2
DA:23,0
DA:25,2
DA:26,2
DA:27,1
DA:28,1
LF:12
LH:11
BRDA:22,0,0,0
BRDA:22,0,1,2
BRF:2
BRH:1
end_of_record
TN:
SF:src\models\message.ts
FN:8,(anonymous_0)
FNF:1
FNH:1
FNDA:2,(anonymous_0)
DA:3,1
DA:9,2
DA:10,2
DA:11,2
LF:4
LH:4
BRF:0
BRH:0
end_of_record
TN:
SF:src\models\project.ts
FN:7,(anonymous_0)
FN:12,(anonymous_1)
FNF:2
FNH:2
FNDA:1,(anonymous_0)
FNDA:1,(anonymous_1)
DA:3,1
DA:8,1
DA:9,1
DA:13,1
LF:4
LH:4
BRF:0
BRH:0
end_of_record
TN:
SF:src\models\users\developer.ts
FNF:0
FNH:0
DA:1,2
DA:3,2
LF:2
LH:2
BRF:0
BRH:0
end_of_record
TN:
SF:src\models\users\productOwner.ts
FNF:0
FNH:0
DA:1,1
DA:3,1
LF:2
LH:2
BRF:0
BRH:0
end_of_record
TN:
SF:src\models\users\scrumMaster.ts
FNF:0
FNH:0
DA:1,4
DA:3,4
LF:2
LH:2
BRF:0
BRH:0
end_of_record
TN:
SF:src\models\users\tester.ts
FNF:0
FNH:0
DA:1,2
DA:3,2
LF:2
LH:2
BRF:0
BRH:0
end_of_record
TN:
SF:src\models\users\user.ts
FN:12,(anonymous_0)
FN:22,(anonymous_1)
FN:26,(anonymous_2)
FN:30,(anonymous_3)
FNF:4
FNH:2
FNDA:55,(anonymous_0)
FNDA:4,(anonymous_1)
FNDA:0,(anonymous_2)
FNDA:0,(anonymous_3)
DA:3,4
DA:13,55
DA:14,55
DA:15,55
DA:16,55
DA:17,55
DA:19,55
DA:23,4
DA:27,0
DA:31,0
LF:10
LH:8
BRF:0
BRH:0
end_of_record
TN:
SF:src\observer\SMSNotification.ts
FN:8,(anonymous_0)
FN:13,(anonymous_1)
FNF:2
FNH:2
FNDA:3,(anonymous_0)
FNDA:2,(anonymous_1)
DA:4,3
DA:9,3
DA:10,3
DA:14,2
LF:4
LH:4
BRF:0
BRH:0
end_of_record
TN:
SF:src\observer\emailNotification.ts
FN:8,(anonymous_0)
FN:13,(anonymous_1)
FNF:2
FNH:2
FNDA:1,(anonymous_0)
FNDA:1,(anonymous_1)
DA:4,1
DA:9,1
DA:10,1
DA:14,1
LF:4
LH:4
BRF:0
BRH:0
end_of_record
TN:
SF:src\observer\adapter\SMSAdapter.ts
FN:2,(anonymous_0)
FNF:1
FNH:1
FNDA:2,(anonymous_0)
DA:1,3
DA:3,2
LF:2
LH:2
BRF:0
BRH:0
end_of_record
TN:
SF:src\observer\adapter\emailAdapter.ts
FN:2,(anonymous_0)
FNF:1
FNH:1
FNDA:1,(anonymous_0)
DA:1,1
DA:3,1
LF:2
LH:2
BRF:0
BRH:0
end_of_record
TN:
SF:src\pipeline\component.ts
FNF:0
FNH:0
DA:3,1
LF:1
LH:1
BRF:0
BRH:0
end_of_record
TN:
SF:src\pipeline\compositeComponent.ts
FN:8,(anonymous_0)
FN:14,(anonymous_1)
FN:18,(anonymous_2)
FN:19,(anonymous_3)
FNF:4
FNH:2
FNDA:5,(anonymous_0)
FNDA:0,(anonymous_1)
FNDA:2,(anonymous_2)
FNDA:0,(anonymous_3)
DA:1,1
DA:4,1
DA:9,5
DA:10,5
DA:11,5
DA:15,0
DA:19,2
DA:20,0
LF:8
LH:6
BRF:0
BRH:0
end_of_record
TN:
SF:src\pipeline\executeVisitor.ts
FN:8,(anonymous_0)
FN:12,(anonymous_1)
FN:14,(anonymous_2)
FN:18,(anonymous_3)
FN:30,(anonymous_4)
FN:32,(anonymous_5)
FN:37,(anonymous_6)
FN:41,(anonymous_7)
FNF:8
FNH:5
FNDA:2,(anonymous_0)
FNDA:2,(anonymous_1)
FNDA:2,(anonymous_2)
FNDA:2,(anonymous_3)
FNDA:0,(anonymous_4)
FNDA:0,(anonymous_5)
FNDA:0,(anonymous_6)
FNDA:2,(anonymous_7)
DA:5,4
DA:6,4
DA:8,4
DA:10,2
DA:12,2
DA:15,2
DA:16,2
DA:17,2
DA:18,2
DA:19,2
DA:21,2
DA:22,2
DA:23,2
DA:25,0
DA:26,0
DA:31,0
DA:32,0
DA:33,0
DA:38,0
DA:42,2
LF:20
LH:14
BRF:0
BRH:0
end_of_record
TN:
SF:src\pipeline\folder.ts
FN:6,(anonymous_0)
FN:10,(anonymous_1)
FNF:2
FNH:2
FNDA:5,(anonymous_0)
FNDA:2,(anonymous_1)
DA:1,1
DA:4,1
DA:7,5
DA:11,2
DA:12,2
LF:5
LH:5
BRF:0
BRH:0
end_of_record
TN:
SF:src\pipeline\pipeline.ts
FN:13,(anonymous_0)
FN:18,(anonymous_1)
FN:22,(anonymous_2)
FN:26,(anonymous_3)
FN:29,(anonymous_4)
FN:36,(anonymous_5)
FN:42,(anonymous_6)
FN:48,(anonymous_7)
FN:51,(anonymous_8)
FN:54,(anonymous_9)
FN:56,(anonymous_10)
FNF:11
FNH:6
FNDA:5,(anonymous_0)
FNDA:5,(anonymous_1)
FNDA:2,(anonymous_2)
FNDA:0,(anonymous_3)
FNDA:0,(anonymous_4)
FNDA:2,(anonymous_5)
FNDA:2,(anonymous_6)
FNDA:2,(anonymous_7)
FNDA:0,(anonymous_8)
FNDA:0,(anonymous_9)
FNDA:0,(anonymous_10)
DA:2,1
DA:5,1
DA:7,1
DA:10,5
DA:14,5
DA:15,5
DA:19,5
DA:23,2
DA:27,0
DA:28,0
DA:29,0
DA:30,0
DA:37,2
DA:38,2
DA:43,2
DA:44,2
DA:49,2
DA:50,2
DA:51,2
DA:52,0
DA:54,2
DA:55,0
DA:56,0
DA:57,0
LF:24
LH:16
BRDA:27,0,0,0
BRDA:28,1,0,0
BRDA:37,2,0,2
BRDA:43,3,0,2
BRDA:49,4,0,2
BRDA:50,5,0,2
BRDA:55,6,0,0
BRF:7
BRH:4
end_of_record
TN:
SF:src\pipeline\pipelineStatus.ts
FN:1,(anonymous_0)
FNF:1
FNH:1
FNDA:4,(anonymous_0)
DA:1,4
DA:2,4
DA:3,4
DA:4,4
DA:5,4
LF:5
LH:5
BRDA:1,0,0,4
BRDA:1,0,1,4
BRF:2
BRH:2
end_of_record
TN:
SF:src\pipeline\visitor.ts
FNF:0
FNH:0
DA:6,4
LF:1
LH:1
BRF:0
BRH:0
end_of_record
TN:
SF:src\report\pdfReportBehaviour.ts
FN:6,(anonymous_6)
FN:9,(anonymous_7)
FNF:2
FNH:1
FNDA:1,(anonymous_6)
FNDA:0,(anonymous_7)
DA:2,4
DA:5,4
DA:7,1
DA:9,1
DA:10,0
DA:11,0
DA:15,1
LF:7
LH:5
BRDA:7,0,0,0
BRDA:7,0,1,1
BRDA:7,1,0,1
BRDA:7,1,1,1
BRDA:7,2,0,0
BRDA:7,2,1,1
BRDA:7,3,0,1
BRDA:7,3,1,1
BRDA:10,4,0,0
BRF:9
BRH:6
end_of_record
TN:
SF:src\report\pngReportBehaviour.ts
FN:6,(anonymous_6)
FN:9,(anonymous_7)
FNF:2
FNH:1
FNDA:1,(anonymous_6)
FNDA:0,(anonymous_7)
DA:2,1
DA:5,1
DA:7,1
DA:9,1
DA:10,0
DA:11,0
DA:14,1
LF:7
LH:5
BRDA:7,0,0,0
BRDA:7,0,1,1
BRDA:7,1,0,1
BRDA:7,1,1,1
BRDA:7,2,0,0
BRDA:7,2,1,1
BRDA:7,3,0,1
BRDA:7,3,1,1
BRDA:10,4,0,0
BRF:9
BRH:6
end_of_record
TN:
SF:src\report\report.ts
FN:8,(anonymous_0)
FN:13,(anonymous_1)
FN:17,(anonymous_2)
FN:21,(anonymous_3)
FN:25,(anonymous_4)
FN:29,(anonymous_5)
FNF:6
FNH:6
FNDA:24,(anonymous_0)
FNDA:2,(anonymous_1)
FNDA:2,(anonymous_2)
FNDA:2,(anonymous_3)
FNDA:2,(anonymous_4)
FNDA:2,(anonymous_5)
DA:2,4
DA:4,4
DA:8,24
DA:9,24
DA:10,24
DA:14,2
DA:18,2
DA:22,2
DA:26,2
DA:30,2
LF:10
LH:10
BRF:0
BRH:0
end_of_record
TN:
SF:src\report\reportComponent.ts
FN:3,(anonymous_0)
FN:7,(anonymous_1)
FN:11,(anonymous_2)
FN:15,(anonymous_3)
FN:19,(anonymous_4)
FN:23,(anonymous_5)
FN:27,(anonymous_6)
FNF:7
FNH:2
FNDA:4,(anonymous_0)
FNDA:4,(anonymous_1)
FNDA:0,(anonymous_2)
FNDA:0,(anonymous_3)
FNDA:0,(anonymous_4)
FNDA:0,(anonymous_5)
FNDA:0,(anonymous_6)
DA:1,4
DA:3,4
DA:8,4
DA:12,0
DA:16,0
DA:20,0
DA:24,0
DA:28,0
LF:8
LH:3
BRF:0
BRH:0
end_of_record
TN:
SF:src\sprint\releaseSprint.ts
FN:5,(anonymous_0)
FN:10,(anonymous_1)
FN:15,(anonymous_2)
FN:19,(anonymous_3)
FN:27,(anonymous_4)
FN:29,(anonymous_5)
FNF:6
FNH:3
FNDA:2,(anonymous_0)
FNDA:1,(anonymous_1)
FNDA:0,(anonymous_2)
FNDA:2,(anonymous_3)
FNDA:0,(anonymous_4)
FNDA:0,(anonymous_5)
DA:1,3
DA:2,3
DA:3,3
DA:5,3
DA:7,2
DA:8,2
DA:11,1
DA:12,1
DA:16,0
DA:20,2
DA:21,0
DA:22,0
DA:24,2
DA:25,1
DA:27,1
DA:28,0
DA:29,0
DA:30,0
DA:35,1
DA:37,1
DA:38,1
DA:39,1
LF:22
LH:16
BRDA:20,0,0,0
BRDA:20,0,1,2
BRDA:24,1,0,1
BRDA:24,1,1,1
BRDA:28,2,0,0
BRDA:37,3,0,1
BRF:6
BRH:4
end_of_record
TN:
SF:src\sprint\reviewSprint.ts
FN:4,(anonymous_0)
FN:8,(anonymous_1)
FN:12,(anonymous_2)
FN:16,(anonymous_3)
FN:20,(anonymous_4)
FNF:5
FNH:4
FNDA:22,(anonymous_0)
FNDA:2,(anonymous_1)
FNDA:0,(anonymous_2)
FNDA:3,(anonymous_3)
FNDA:3,(anonymous_4)
DA:1,4
DA:2,4
DA:4,4
DA:6,22
DA:9,2
DA:13,0
DA:17,3
DA:21,3
DA:22,1
DA:23,1
DA:25,2
DA:26,1
DA:28,1
DA:29,1
DA:30,1
DA:33,1
LF:16
LH:15
BRDA:21,0,0,1
BRDA:21,0,1,2
BRDA:25,1,0,1
BRDA:25,1,1,1
BRDA:28,2,0,1
BRF:5
BRH:5
end_of_record
TN:
SF:src\sprint\sprint.ts
FN:19,(anonymous_0)
FN:44,(anonymous_1)
FN:51,(anonymous_2)
FN:57,(anonymous_3)
FN:63,(anonymous_4)
FNF:5
FNH:4
FNDA:24,(anonymous_0)
FNDA:2,(anonymous_1)
FNDA:0,(anonymous_2)
FNDA:2,(anonymous_3)
FNDA:5,(anonymous_4)
DA:6,4
DA:12,24
DA:13,24
DA:27,24
DA:28,24
DA:29,24
DA:30,24
DA:32,24
DA:33,24
DA:35,24
DA:45,2
DA:46,2
DA:52,0
DA:53,0
DA:58,2
DA:59,2
DA:64,5
DA:66,5
LF:18
LH:16
BRDA:45,0,0,2
BRDA:52,1,0,0
BRDA:58,2,0,2
BRF:3
BRH:2
end_of_record
TN:
SF:src\sprint\sprintFactory.ts
FN:7,(anonymous_0)
FNF:1
FNH:1
FNDA:21,(anonymous_0)
DA:3,3
DA:4,3
DA:6,3
DA:8,21
DA:10,19
DA:12,2
DA:14,0
LF:7
LH:6
BRDA:8,0,0,19
BRDA:8,0,1,2
BRDA:8,0,2,0
BRF:3
BRH:2
end_of_record
TN:
SF:src\states\doingState.ts
FN:10,(anonymous_0)
FN:14,(anonymous_1)
FN:17,(anonymous_2)
FN:20,(anonymous_3)
FN:23,(anonymous_4)
FN:25,(anonymous_5)
FN:34,(anonymous_6)
FN:37,(anonymous_7)
FN:40,(anonymous_8)
FNF:9
FNH:4
FNDA:12,(anonymous_0)
FNDA:0,(anonymous_1)
FNDA:0,(anonymous_2)
FNDA:10,(anonymous_3)
FNDA:2,(anonymous_4)
FNDA:1,(anonymous_5)
FNDA:0,(anonymous_6)
FNDA:0,(anonymous_7)
FNDA:0,(anonymous_8)
DA:2,2
DA:3,2
DA:5,2
DA:7,2
DA:11,12
DA:15,0
DA:18,0
DA:22,10
DA:23,8
DA:24,2
DA:25,1
DA:26,1
DA:32,10
DA:35,0
DA:38,0
DA:41,0
LF:16
LH:11
BRDA:22,0,0,8
BRDA:24,1,0,1
BRF:2
BRH:2
end_of_record
TN:
SF:src\states\doneState.ts
FN:9,(anonymous_0)
FN:13,(anonymous_1)
FN:16,(anonymous_2)
FN:19,(anonymous_3)
FN:22,(anonymous_4)
FN:25,(anonymous_5)
FN:28,(anonymous_6)
FNF:7
FNH:1
FNDA:2,(anonymous_0)
FNDA:0,(anonymous_1)
FNDA:0,(anonymous_2)
FNDA:0,(anonymous_3)
FNDA:0,(anonymous_4)
FNDA:0,(anonymous_5)
FNDA:0,(anonymous_6)
DA:4,2
DA:6,2
DA:10,2
DA:14,0
DA:17,0
DA:20,0
DA:23,0
DA:26,0
DA:29,0
LF:9
LH:3
BRF:0
BRH:0
end_of_record
TN:
SF:src\states\readyForTestingState.ts
FN:9,(anonymous_0)
FN:13,(anonymous_1)
FN:16,(anonymous_2)
FN:19,(anonymous_3)
FN:22,(anonymous_4)
FN:25,(anonymous_5)
FN:28,(anonymous_6)
FNF:7
FNH:3
FNDA:12,(anonymous_0)
FNDA:0,(anonymous_1)
FNDA:0,(anonymous_2)
FNDA:0,(anonymous_3)
FNDA:8,(anonymous_4)
FNDA:1,(anonymous_5)
FNDA:0,(anonymous_6)
DA:4,2
DA:6,2
DA:10,12
DA:14,0
DA:17,0
DA:20,0
DA:23,8
DA:26,1
DA:29,0
LF:9
LH:5
BRF:0
BRH:0
end_of_record
TN:
SF:src\states\testedState.ts
FN:11,(anonymous_0)
FN:15,(anonymous_1)
FN:18,(anonymous_2)
FN:24,(anonymous_3)
FN:27,(anonymous_4)
FN:30,(anonymous_5)
FN:33,(anonymous_6)
FN:36,(anonymous_7)
FNF:8
FNH:6
FNDA:7,(anonymous_0)
FNDA:2,(anonymous_1)
FNDA:1,(anonymous_2)
FNDA:1,(anonymous_3)
FNDA:1,(anonymous_4)
FNDA:0,(anonymous_5)
FNDA:0,(anonymous_6)
FNDA:3,(anonymous_7)
DA:2,2
DA:3,2
DA:5,2
DA:6,2
DA:8,2
DA:12,7
DA:17,2
DA:18,2
DA:19,1
DA:22,2
DA:25,1
DA:28,1
DA:31,0
DA:34,0
DA:37,3
DA:38,2
DA:39,0
DA:41,2
DA:44,1
LF:19
LH:16
BRDA:17,0,0,2
BRDA:37,1,0,2
BRDA:37,1,1,1
BRDA:38,2,0,0
BRDA:38,2,1,2
BRF:5
BRH:4
end_of_record
TN:
SF:src\states\testingState.ts
FN:9,(anonymous_0)
FN:13,(anonymous_1)
FN:16,(anonymous_2)
FN:19,(anonymous_3)
FN:22,(anonymous_4)
FN:25,(anonymous_5)
FN:28,(anonymous_6)
FNF:7
FNH:3
FNDA:9,(anonymous_0)
FNDA:0,(anonymous_1)
FNDA:1,(anonymous_2)
FNDA:0,(anonymous_3)
FNDA:0,(anonymous_4)
FNDA:6,(anonymous_5)
FNDA:0,(anonymous_6)
DA:4,2
DA:6,2
DA:10,9
DA:14,0
DA:17,1
DA:20,0
DA:23,0
DA:26,6
DA:29,0
LF:9
LH:5
BRF:0
BRH:0
end_of_record
TN:
SF:src\states\toDoState.ts
FN:9,(anonymous_0)
FN:13,(anonymous_1)
FN:16,(anonymous_2)
FN:19,(anonymous_3)
FN:22,(anonymous_4)
FN:25,(anonymous_5)
FN:28,(anonymous_6)
FNF:7
FNH:3
FNDA:21,(anonymous_0)
FNDA:0,(anonymous_1)
FNDA:10,(anonymous_2)
FNDA:0,(anonymous_3)
FNDA:0,(anonymous_4)
FNDA:1,(anonymous_5)
FNDA:0,(anonymous_6)
DA:3,2
DA:6,2
DA:10,21
DA:14,0
DA:17,10
DA:20,0
DA:23,0
DA:26,1
DA:29,0
LF:9
LH:5
BRF:0
BRH:0
end_of_record
